[I 2026-05-30 16:58:06,247] Trial 39 finished with value: 0.7043277515473807 and parameters: {'metric': 'cosine', 
'svd_dim': None, 'normalize': False, 'hybrid_weight': 0.7080644447274478, 'candidate_k': 38}. Best is trial 25 with 
value: 0.7166351232738053.
[I 2026-05-30 16:58:24,440] Trial 40 finished with value: 0.7093755509103642 and parameters: {'metric': 'l2', 
'svd_dim': None, 'normalize': True, 'hybrid_weight': 0.9674692576310722, 'candidate_k': 32}. Best is trial 25 with 
value: 0.7166351232738053.
[I 2026-05-30 16:58:43,069] Trial 41 finished with value: 0.713730703666924 and parameters: {'metric': 'l2', 
'svd_dim': None, 'normalize': False, 'hybrid_weight': 0.7707836691837378, 'candidate_k': 30}. Best is trial 25 with 
value: 0.7166351232738053.
[I 2026-05-30 16:58:59,666] Trial 42 finished with value: 0.7017113388117184 and parameters: {'metric': 'l2', 
'svd_dim': 256, 'normalize': False, 'hybrid_weight': 0.661413716636917, 'candidate_k': 46}. Best is trial 25 with 
value: 0.7166351232738053.
[I 2026-05-30 16:59:18,849] Trial 43 finished with value: 0.7121333099756179 and parameters: {'metric': 'l2', 
'svd_dim': None, 'normalize': False, 'hybrid_weight': 0.7731341470385948, 'candidate_k': 35}. Best is trial 25 with 
value: 0.7166351232738053.
[I 2026-05-30 16:59:34,388] Trial 44 finished with value: 0.608068655608197 and parameters: {'metric': 'l2', 
'svd_dim': 64, 'normalize': False, 'hybrid_weight': 0.9864135945755259, 'candidate_k': 30}. Best is trial 25 with 
value: 0.7166351232738053.
[I 2026-05-30 16:59:52,990] Trial 45 finished with value: 0.6752736643188577 and parameters: {'metric': 'l2', 
'svd_dim': None, 'normalize': False, 'hybrid_weight': 0.5175210215989127, 'candidate_k': 40}. Best is trial 25 with 
value: 0.7166351232738053.
[I 2026-05-30 17:00:09,335] Trial 46 finished with value: 0.6683445756662769 and parameters: {'metric': 'l2', 
'svd_dim': 64, 'normalize': False, 'hybrid_weight': 0.5587450520295778, 'candidate_k': 25}. Best is trial 25 with 
value: 0.7166351232738053.
[I 2026-05-30 17:00:25,391] Trial 47 finished with value: 0.6957042493152166 and parameters: {'metric': 'cosine', 
'svd_dim': None, 'normalize': True, 'hybrid_weight': 0.6649371085524973, 'candidate_k': 47}. Best is trial 25 with 
value: 0.7166351232738053.
[I 2026-05-30 17:00:41,126] Trial 48 finished with value: 0.6211513798113288 and parameters: {'metric': 'l2', 
'svd_dim': 64, 'normalize': True, 'hybrid_weight': 0.24117851964805526, 'candidate_k': 6}. Best is trial 25 with 
value: 0.7166351232738053.
[I 2026-05-30 17:01:01,020] Trial 49 finished with value: 0.7126143844572022 and parameters: {'metric': 'l2', 
'svd_dim': None, 'normalize': False, 'hybrid_weight': 0.8779082386275282, 'candidate_k': 37}. Best is trial 25 with 
value: 0.7166351232738053.
[I 2026-05-30 17:01:17,635] Trial 50 finished with value: 0.7016289839412634 and parameters: {'metric': 'l2', 
'svd_dim': 256, 'normalize': False, 'hybrid_weight': 0.6735368432692753, 'candidate_k': 24}. Best is trial 25 with 
value: 0.7166351232738053.
[I 2026-05-30 17:01:33,580] Trial 51 finished with value: 0.7163456046401663 and parameters: {'metric': 'dot', 
'svd_dim': None, 'normalize': False, 'hybrid_weight': 0.8379088234409708, 'candidate_k': 18}. Best is trial 25 with 
value: 0.7166351232738053.
[I 2026-05-30 17:01:49,053] Trial 52 finished with value: 0.6732475406643241 and parameters: {'metric': 'dot', 
'svd_dim': 64, 'normalize': False, 'hybrid_weight': 0.7023544910836899, 'candidate_k': 19}. Best is trial 25 with 
value: 0.7166351232738053.
[I 2026-05-30 17:02:05,602] Trial 53 finished with value: 0.7042481602224411 and parameters: {'metric': 'dot', 
'svd_dim': 256, 'normalize': True, 'hybrid_weight': 0.9521025966462213, 'candidate_k': 18}. Best is trial 25 with 
value: 0.7166351232738053.
[I 2026-05-30 17:02:21,880] Trial 54 finished with value: 0.6467608622376572 and parameters: {'metric': 'cosine', 
'svd_dim': 256, 'normalize': True, 'hybrid_weight': 0.4056762163607779, 'candidate_k': 38}. Best is trial 25 with 
value: 0.7166351232738053.
[I 2026-05-30 17:02:38,099] Trial 55 finished with value: 0.7106407771933103 and parameters: {'metric': 'dot', 
'svd_dim': None, 'normalize': False, 'hybrid_weight': 0.9803156332294928, 'candidate_k': 30}. Best is trial 25 with 
value: 0.7166351232738053.
[I 2026-05-30 17:02:53,626] Trial 56 finished with value: 0.7100700447445599 and parameters: {'metric': 'dot', 
'svd_dim': None, 'normalize': False, 'hybrid_weight': 0.9553235126398731, 'candidate_k': 8}. Best is trial 25 with 
value: 0.7166351232738053.
[I 2026-05-30 17:03:10,963] Trial 57 finished with value: 0.6578668779799135 and parameters: {'metric': 'dot', 
'svd_dim': 256, 'normalize': False, 'hybrid_weight': 0.44768139210991537, 'candidate_k': 29}. Best is trial 25 with 
value: 0.7166351232738053.
[I 2026-05-30 17:03:27,222] Trial 58 finished with value: 0.7016630387330041 and parameters: {'metric': 'dot', 
'svd_dim': 128, 'normalize': True, 'hybrid_weight': 0.7870612002353928, 'candidate_k': 26}. Best is trial 25 with 
value: 0.7166351232738053.
[I 2026-05-30 17:03:43,348] Trial 59 finished with value: 0.6883784093789196 and parameters: {'metric': 'dot', 
'svd_dim': 128, 'normalize': True, 'hybrid_weight': 0.930325902223274, 'candidate_k': 6}. Best is trial 25 with value: 
0.7166351232738053.
[I 2026-05-30 17:03:58,920] Trial 60 finished with value: 0.6727002863746129 and parameters: {'metric': 'dot', 
'svd_dim': 64, 'normalize': True, 'hybrid_weight': 0.8130037199383489, 'candidate_k': 50}. Best is trial 25 with 
value: 0.7166351232738053.
[I 2026-05-30 17:04:15,625] Trial 61 finished with value: 0.7087818184890399 and parameters: {'metric': 'dot', 
'svd_dim': None, 'normalize': False, 'hybrid_weight': 0.7027125161401521, 'candidate_k': 17}. Best is trial 25 with 
value: 0.7166351232738053.
[I 2026-05-30 17:04:31,126] Trial 62 finished with value: 0.6882905995602615 and parameters: {'metric': 'dot', 
'svd_dim': None, 'normalize': True, 'hybrid_weight': 0.5990043844809532, 'candidate_k': 14}. Best is trial 25 with 
value: 0.7166351232738053.
[I 2026-05-30 17:04:46,956] Trial 63 finished with value: 0.6960882777589991 and parameters: {'metric': 'dot', 
'svd_dim': None, 'normalize': False, 'hybrid_weight': 0.6579440250559103, 'candidate_k': 26}. Best is trial 25 with 
value: 0.7166351232738053.
[I 2026-05-30 17:05:05,156] Trial 64 finished with value: 0.7123814075698818 and parameters: {'metric': 'l2', 
'svd_dim': None, 'normalize': False, 'hybrid_weight': 0.9359939807821263, 'candidate_k': 25}. Best is trial 25 with 
value: 0.7166351232738053.
[I 2026-05-30 17:05:21,145] Trial 65 finished with value: 0.6967056832547643 and parameters: {'metric': 'dot', 
'svd_dim': 128, 'normalize': False, 'hybrid_weight': 0.7235753505387766, 'candidate_k': 22}. Best is trial 25 with 
value: 0.7166351232738053.
[I 2026-05-30 17:05:36,621] Trial 66 finished with value: 0.7104364687433993 and parameters: {'metric': 'dot', 
'svd_dim': 256, 'normalize': False, 'hybrid_weight': 0.7899808362595157, 'candidate_k': 19}. Best is trial 25 with 
value: 0.7166351232738053.
[I 2026-05-30 17:05:53,230] Trial 67 finished with value: 0.6024767721753405 and parameters: {'metric': 'cosine', 
'svd_dim': 64, 'normalize': False, 'hybrid_weight': 0.20518255961974152, 'candidate_k': 15}. Best is trial 25 with 
value: 0.7166351232738053.
[I 2026-05-30 17:06:08,808] Trial 68 finished with value: 0.5810697801136198 and parameters: {'metric': 'cosine', 
'svd_dim': 64, 'normalize': True, 'hybrid_weight': 0.1334137956355277, 'candidate_k': 44}. Best is trial 25 with 
value: 0.7166351232738053.
[I 2026-05-30 17:06:25,859] Trial 69 finished with value: 0.6225417992367244 and parameters: {'metric': 'l2', 
'svd_dim': 128, 'normalize': False, 'hybrid_weight': 0.25248936088785434, 'candidate_k': 27}. Best is trial 25 with 
value: 0.7166351232738053.
[I 2026-05-30 17:06:41,794] Trial 70 finished with value: 0.7036194528780779 and parameters: {'metric': 'l2', 
'svd_dim': 128, 'normalize': False, 'hybrid_weight': 0.759561492134138, 'candidate_k': 44}. Best is trial 25 with 
value: 0.7166351232738053.
[I 2026-05-30 17:07:00,445] Trial 71 finished with value: 0.6975538412362947 and parameters: {'metric': 'l2', 
'svd_dim': None, 'normalize': False, 'hybrid_weight': 0.6146411525894488, 'candidate_k': 34}. Best is trial 25 with 
value: 0.7166351232738053.
[I 2026-05-30 17:07:18,871] Trial 72 finished with value: 0.7127423798637186 and parameters: {'metric': 'l2', 
'svd_dim': None, 'normalize': False, 'hybrid_weight': 0.7593183903065085, 'candidate_k': 29}. Best is trial 25 with 
value: 0.7166351232738053.
[I 2026-05-30 17:07:37,613] Trial 73 finished with value: 0.7114981178041437 and parameters: {'metric': 'l2', 
'svd_dim': None, 'normalize': False, 'hybrid_weight': 0.7462226579748366, 'candidate_k': 45}. Best is trial 25 with 
value: 0.7166351232738053.
[I 2026-05-30 17:07:53,234] Trial 74 finished with value: 0.6826384470250141 and parameters: {'metric': 'l2', 
'svd_dim': 64, 'normalize': True, 'hybrid_weight': 0.6874027334327907, 'candidate_k': 41}. Best is trial 25 with 
value: 0.7166351232738053.
[I 2026-05-30 17:08:11,686] Trial 75 finished with value: 0.7118031667948723 and parameters: {'metric': 'l2', 
'svd_dim': None, 'normalize': False, 'hybrid_weight': 0.8750524773757563, 'candidate_k': 34}. Best is trial 25 with 
value: 0.7166351232738053.
[I 2026-05-30 17:08:28,695] Trial 76 finished with value: 0.7060980226828398 and parameters: {'metric': 'l2', 
'svd_dim': 256, 'normalize': True, 'hybrid_weight': 0.8834154948904249, 'candidate_k': 39}. Best is trial 25 with 
value: 0.7166351232738053.
[I 2026-05-30 17:08:43,946] Trial 77 finished with value: 0.716436905527618 and parameters: {'metric': 'dot', 
'svd_dim': None, 'normalize': False, 'hybrid_weight': 0.8342013255678782, 'candidate_k': 23}. Best is trial 25 with 
value: 0.7166351232738053.
[I 2026-05-30 17:08:59,473] Trial 78 finished with value: 0.7101128300541127 and parameters: {'metric': 'dot', 
'svd_dim': None, 'normalize': False, 'hybrid_weight': 0.9354130062697953, 'candidate_k': 17}. Best is trial 25 with 
value: 0.7166351232738053.
[I 2026-05-30 17:09:15,389] Trial 79 finished with value: 0.5817880348023292 and parameters: {'metric': 'cosine', 
'svd_dim': 256, 'normalize': False, 'hybrid_weight': 0.0967920138734436, 'candidate_k': 40}. Best is trial 25 with 
value: 0.7166351232738053.
[17:09:20] done tpe_bayesian: tune=0.7166 holdout=0.5646 pruned=0/80 in 22.5 min
[17:09:20] starting hyperband (n_trials=80)
[I 2026-05-30 17:09:20,685] A new study created in RDB with name: csai415-d1-hyperband
[I 2026-05-30 17:09:52,779] Trial 0 finished with value: 0.7129791749059405 and parameters: {'metric': 'l2', 
'svd_dim': None, 'normalize': True, 'hybrid_weight': 0.7080725777960455, 'candidate_k': 5}. Best is trial 0 with 
value: 0.7129791749059405.
[I 2026-05-30 17:10:21,351] Trial 1 finished with value: 0.6916850407120598 and parameters: {'metric': 'cosine', 
'svd_dim': 256, 'normalize': True, 'hybrid_weight': 0.6118528947223795, 'candidate_k': 11}. Best is trial 0 with 
value: 0.7129791749059405.
[I 2026-05-30 17:10:33,227] Trial 2 pruned. 
[I 2026-05-30 17:10:38,297] Trial 3 pruned. 
[I 2026-05-30 17:10:51,187] Trial 4 pruned. 
[I 2026-05-30 17:10:55,778] Trial 5 pruned. 
[I 2026-05-30 17:11:29,520] Trial 6 finished with value: 0.7135888344702196 and parameters: {'metric': 'l2', 
'svd_dim': None, 'normalize': True, 'hybrid_weight': 0.7290071680409873, 'candidate_k': 40}. Best is trial 6 with 
value: 0.7135888344702196.
[I 2026-05-30 17:12:02,519] Trial 7 finished with value: 0.714085016329575 and parameters: {'metric': 'l2', 'svd_dim': 
None, 'normalize': False, 'hybrid_weight': 0.7296061783380641, 'candidate_k': 34}. Best is trial 7 with value: 
0.714085016329575.
[I 2026-05-30 17:12:07,193] Trial 8 pruned. 
[I 2026-05-30 17:12:20,920] Trial 9 pruned. 
[I 2026-05-30 17:12:33,138] Trial 10 pruned. 
[I 2026-05-30 17:12:37,878] Trial 11 pruned. 
[I 2026-05-30 17:12:50,533] Trial 12 pruned. 
[I 2026-05-30 17:12:54,993] Trial 13 pruned. 
[I 2026-05-30 17:13:23,187] Trial 14 finished with value: 0.678532676050964 and parameters: {'metric': 'cosine', 
'svd_dim': None, 'normalize': False, 'hybrid_weight': 0.5357746840747585, 'candidate_k': 9}. Best is trial 7 with 
value: 0.714085016329575.
[I 2026-05-30 17:13:35,629] Trial 15 pruned. 
[I 2026-05-30 17:13:48,178] Trial 16 pruned. 
[I 2026-05-30 17:14:00,933] Trial 17 pruned. 
[I 2026-05-30 17:14:14,217] Trial 18 pruned. 
[I 2026-05-30 17:14:26,781] Trial 19 pruned. 
[I 2026-05-30 17:14:32,613] Trial 20 pruned. 
[I 2026-05-30 17:14:44,885] Trial 21 pruned. 
[I 2026-05-30 17:14:49,474] Trial 22 pruned. 
[I 2026-05-30 17:15:02,153] Trial 23 pruned. 
[I 2026-05-30 17:15:30,285] Trial 24 finished with value: 0.709067757519873 and parameters: {'metric': 'cosine', 
'svd_dim': 256, 'normalize': False, 'hybrid_weight': 0.9132405525564713, 'candidate_k': 28}. Best is trial 7 with 
value: 0.714085016329575.
[I 2026-05-30 17:15:43,239] Trial 25 pruned. 
[I 2026-05-30 17:15:49,579] Trial 26 pruned. 
[I 2026-05-30 17:16:18,980] Trial 27 finished with value: 0.678923058560164 and parameters: {'metric': 'l2', 
'svd_dim': 256, 'normalize': False, 'hybrid_weight': 0.5163003483011953, 'candidate_k': 19}. Best is trial 7 with 
value: 0.714085016329575.
[I 2026-05-30 17:16:31,215] Trial 28 pruned. 
[I 2026-05-30 17:16:35,773] Trial 29 pruned. 
[I 2026-05-30 17:16:41,484] Trial 30 pruned. 
[I 2026-05-30 17:16:53,694] Trial 31 pruned. 
[I 2026-05-30 17:17:06,548] Trial 32 pruned. 
[I 2026-05-30 17:17:21,846] Trial 33 pruned. 
[I 2026-05-30 17:17:34,023] Trial 34 pruned. 
[I 2026-05-30 17:17:46,670] Trial 35 pruned. 
[I 2026-05-30 17:17:58,949] Trial 36 pruned. 
[I 2026-05-30 17:18:12,492] Trial 37 pruned. 
[I 2026-05-30 17:18:39,990] Trial 38 finished with value: 0.7127696567033701 and parameters: {'metric': 'dot', 
'svd_dim': None, 'normalize': True, 'hybrid_weight': 0.8877041827582998, 'candidate_k': 21}. Best is trial 7 with 
value: 0.714085016329575.
[I 2026-05-30 17:19:07,547] Trial 39 finished with value: 0.7021964604253793 and parameters: {'metric': 'dot', 
'svd_dim': 256, 'normalize': False, 'hybrid_weight': 0.7062422271564962, 'candidate_k': 8}. Best is trial 7 with 
value: 0.714085016329575.
[I 2026-05-30 17:19:20,645] Trial 40 pruned. 
[I 2026-05-30 17:19:25,931] Trial 41 pruned. 
[I 2026-05-30 17:19:54,067] Trial 42 finished with value: 0.6842976614729996 and parameters: {'metric': 'dot', 
'svd_dim': 128, 'normalize': True, 'hybrid_weight': 0.969878826707639, 'candidate_k': 6}. Best is trial 7 with value: 
0.714085016329575.
[I 2026-05-30 17:19:59,512] Trial 43 pruned. 
[I 2026-05-30 17:20:11,812] Trial 44 pruned. 
[I 2026-05-30 17:20:17,788] Trial 45 pruned. 
[I 2026-05-30 17:20:34,498] Trial 46 pruned. 
[I 2026-05-30 17:20:39,257] Trial 47 pruned. 
[I 2026-05-30 17:20:44,441] Trial 48 pruned. 
[I 2026-05-30 17:21:12,443] Trial 49 finished with value: 0.6643754821295047 and parameters: {'metric': 'l2', 
'svd_dim': 64, 'normalize': False, 'hybrid_weight': 0.5203077009037933, 'candidate_k': 40}. Best is trial 7 with 
value: 0.714085016329575.
[I 2026-05-30 17:21:24,771] Trial 50 pruned. 
[I 2026-05-30 17:21:29,380] Trial 51 pruned. 
[I 2026-05-30 17:21:57,263] Trial 52 finished with value: 0.7106407771933103 and parameters: {'metric': 'dot', 
'svd_dim': None, 'normalize': False, 'hybrid_weight': 0.980032575285477, 'candidate_k': 27}. Best is trial 7 with 
value: 0.714085016329575.
[I 2026-05-30 17:22:02,319] Trial 53 pruned. 
[I 2026-05-30 17:22:15,648] Trial 54 pruned. 
[I 2026-05-30 17:22:43,437] Trial 55 finished with value: 0.7055412741881807 and parameters: {'metric': 'cosine', 
'svd_dim': 256, 'normalize': True, 'hybrid_weight': 0.8735786241067772, 'candidate_k': 47}. Best is trial 7 with 
value: 0.714085016329575.
[I 2026-05-30 17:22:55,476] Trial 56 pruned. 
[I 2026-05-30 17:22:59,991] Trial 57 pruned. 
[I 2026-05-30 17:23:12,904] Trial 58 pruned. 
[I 2026-05-30 17:23:40,064] Trial 59 finished with value: 0.6674757335621389 and parameters: {'metric': 'dot', 
'svd_dim': 64, 'normalize': False, 'hybrid_weight': 0.6459172413316012, 'candidate_k': 31}. Best is trial 7 with 
value: 0.714085016329575.
[I 2026-05-30 17:23:45,438] Trial 60 pruned. 
[I 2026-05-30 17:24:14,257] Trial 61 finished with value: 0.6714130756514091 and parameters: {'metric': 'cosine', 
'svd_dim': 64, 'normalize': True, 'hybrid_weight': 0.8170720709492799, 'candidate_k': 16}. Best is trial 7 with value: 
0.714085016329575.
[I 2026-05-30 17:24:19,434] Trial 62 pruned. 
[I 2026-05-30 17:24:31,702] Trial 63 pruned. 
[I 2026-05-30 17:24:36,917] Trial 64 pruned. 
[I 2026-05-30 17:25:04,056] Trial 65 finished with value: 0.6732155473000861 and parameters: {'metric': 'dot', 
'svd_dim': 128, 'normalize': False, 'hybrid_weight': 0.5744731131799119, 'candidate_k': 43}. Best is trial 7 with 
value: 0.714085016329575.
[I 2026-05-30 17:25:17,498] Trial 66 pruned. 
[I 2026-05-30 17:25:30,324] Trial 67 pruned. 
[I 2026-05-30 17:25:57,336] Trial 68 finished with value: 0.6699120220130342 and parameters: {'metric': 'cosine', 
'svd_dim': None, 'normalize': True, 'hybrid_weight': 0.5334610919763215, 'candidate_k': 46}. Best is trial 7 with 
value: 0.714085016329575.
[I 2026-05-30 17:26:01,889] Trial 69 pruned. 
[I 2026-05-30 17:26:14,667] Trial 70 pruned. 
[I 2026-05-30 17:26:27,749] Trial 71 pruned. 
[I 2026-05-30 17:26:33,237] Trial 72 pruned. 
[I 2026-05-30 17:26:45,301] Trial 73 pruned. 
[I 2026-05-30 17:26:50,216] Trial 74 pruned. 
[I 2026-05-30 17:27:17,535] Trial 75 finished with value: 0.6674782391809059 and parameters: {'metric': 'cosine', 
'svd_dim': None, 'normalize': False, 'hybrid_weight': 0.49836777273947974, 'candidate_k': 24}. Best is trial 7 with 
value: 0.714085016329575.
[I 2026-05-30 17:27:22,152] Trial 76 pruned. 
[I 2026-05-30 17:27:34,623] Trial 77 pruned. 
[I 2026-05-30 17:27:47,314] Trial 78 pruned. 
[I 2026-05-30 17:27:51,772] Trial 79 pruned. 
[17:27:56] done hyperband: tune=0.7141 holdout=0.5610 pruned=62/80 in 18.5 min
[17:27:56] starting bohb (n_trials=80)
C:\Users\waska\AppData\Local\Packages\PythonSoftwareFoundation.Python.3.12_qbz5n2kfra8p0\LocalCache\local-packages\Pyth
on312\site-packages\optuna\_experimental.py:31: ExperimentalWarning: Argument ``multivariate`` is an experimental 
feature. The interface can change in the future.
  warnings.warn(
[I 2026-05-30 17:27:57,062] A new study created in RDB with name: csai415-d1-bohb
[I 2026-05-30 17:28:32,475] Trial 0 finished with value: 0.7129791749059405 and parameters: {'metric': 'l2', 
'svd_dim': None, 'normalize': True, 'hybrid_weight': 0.7080725777960455, 'candidate_k': 5}. Best is trial 0 with 
value: 0.7129791749059405.
[I 2026-05-30 17:29:02,211] Trial 1 pruned. 
[I 2026-05-30 17:29:04,729] Trial 2 pruned. 
[I 2026-05-30 17:29:36,853] Trial 3 finished with value: 0.5645471865677727 and parameters: {'metric': 'l2', 
'svd_dim': 128, 'normalize': False, 'hybrid_weight': 0.034388521115218396, 'candidate_k': 46}. Best is trial 0 with 
value: 0.7129791749059405.
[I 2026-05-30 17:30:08,952] Trial 4 pruned. 
[I 2026-05-30 17:30:11,703] Trial 5 pruned. 
[I 2026-05-30 17:30:47,289] Trial 6 finished with value: 0.7135888344702196 and parameters: {'metric': 'l2', 
'svd_dim': None, 'normalize': True, 'hybrid_weight': 0.7290071680409873, 'candidate_k': 40}. Best is trial 6 with 
value: 0.7135888344702196.
[I 2026-05-30 17:30:55,044] Trial 7 pruned. 
[I 2026-05-30 17:31:25,470] Trial 8 finished with value: 0.6567014053882609 and parameters: {'metric': 'cosine', 
'svd_dim': 256, 'normalize': False, 'hybrid_weight': 0.42754101835854963, 'candidate_k': 6}. Best is trial 6 with 
value: 0.7135888344702196.
[I 2026-05-30 17:31:28,241] Trial 9 pruned. 
[I 2026-05-30 17:31:57,061] Trial 10 finished with value: 0.6662060047759178 and parameters: {'metric': 'dot', 
'svd_dim': 128, 'normalize': False, 'hybrid_weight': 0.5393422419156507, 'candidate_k': 42}. Best is trial 6 with 
value: 0.7135888344702196.
[I 2026-05-30 17:32:00,319] Trial 11 pruned. 
[I 2026-05-30 17:32:03,347] Trial 12 pruned. 
[I 2026-05-30 17:32:34,006] Trial 13 pruned. 
[I 2026-05-30 17:32:40,247] Trial 14 pruned. 
[I 2026-05-30 17:33:10,461] Trial 15 finished with value: 0.6870037676503894 and parameters: {'metric': 'cosine', 
'svd_dim': 128, 'normalize': True, 'hybrid_weight': 0.6451727904094499, 'candidate_k': 13}. Best is trial 6 with 
value: 0.7135888344702196.
[I 2026-05-30 17:33:18,474] Trial 16 pruned. 
[I 2026-05-30 17:33:25,054] Trial 17 pruned. 
[I 2026-05-30 17:33:31,555] Trial 18 pruned. 
[I 2026-05-30 17:34:01,086] Trial 19 finished with value: 0.6891832638340035 and parameters: {'metric': 'dot', 
'svd_dim': 128, 'normalize': False, 'hybrid_weight': 0.6496328990472147, 'candidate_k': 44}. Best is trial 6 with 
value: 0.7135888344702196.
[I 2026-05-30 17:34:36,493] Trial 20 finished with value: 0.7121247146046948 and parameters: {'metric': 'l2', 
'svd_dim': None, 'normalize': True, 'hybrid_weight': 0.9422299193111844, 'candidate_k': 14}. Best is trial 6 with 
value: 0.7135888344702196.
[I 2026-05-30 17:35:10,891] Trial 21 finished with value: 0.7117262917242352 and parameters: {'metric': 'l2', 
'svd_dim': None, 'normalize': True, 'hybrid_weight': 0.9018533423924138, 'candidate_k': 6}. Best is trial 6 with 
value: 0.7135888344702196.
[I 2026-05-30 17:35:46,898] Trial 22 finished with value: 0.7089425451718099 and parameters: {'metric': 'l2', 
'svd_dim': None, 'normalize': True, 'hybrid_weight': 0.907871997461431, 'candidate_k': 31}. Best is trial 6 with 
value: 0.7135888344702196.
