[16:09:26] hpo_methods full run starting
  methods : ['grid', 'random', 'tpe_bayesian', 'hyperband', 'bohb']
  n_trials: 80
  resume  : False

[16:09:27] starting grid (n_trials=grid-size)
python : [I 2026-05-30 16:09:28,729] A new study created in RDB with name: csai415-d1-grid
At line:1 char:1
+ python -m csai415.hpo_methods 2>&1 | Tee-Object -FilePath logs\b1_ful ...
+ ~~~~~~~~~~~~~~~~~~~~~~~~~~~~~~~~~~
    + CategoryInfo          : NotSpecified: ([I 2026-05-30 1...csai415-d1-grid:String) [], RemoteException
    + FullyQualifiedErrorId : NativeCommandError
 
Warning: You are sending unauthenticated requests to the HF Hub. Please set a HF_TOKEN to enable higher rate limits 
and faster downloads.

Loading weights:   0%|          | 0/199 [00:00<?, ?it/s]
Loading weights: 100%|##########| 199/199 [00:00<00:00, 9042.39it/s]
[I 2026-05-30 16:09:48,438] Trial 0 finished with value: 0.7164580171329297 and parameters: {'metric': 'l2', 
'svd_dim': None, 'normalize': False, 'hybrid_weight': 0.81, 'candidate_k': 25}. Best is trial 0 with value: 
0.7164580171329297.
[I 2026-05-30 16:10:01,245] Trial 1 finished with value: 0.7141344112640328 and parameters: {'metric': 'cosine', 
'svd_dim': None, 'normalize': True, 'hybrid_weight': 0.81, 'candidate_k': 50}. Best is trial 0 with value: 
0.7164580171329297.
[I 2026-05-30 16:10:18,996] Trial 2 finished with value: 0.7164580171329297 and parameters: {'metric': 'l2', 
'svd_dim': None, 'normalize': True, 'hybrid_weight': 0.81, 'candidate_k': 25}. Best is trial 0 with value: 
0.7164580171329297.
[I 2026-05-30 16:10:35,908] Trial 3 finished with value: 0.7137015853738162 and parameters: {'metric': 'l2', 
'svd_dim': None, 'normalize': False, 'hybrid_weight': 0.81, 'candidate_k': 50}. Best is trial 0 with value: 
0.7164580171329297.
[I 2026-05-30 16:10:49,882] Trial 4 finished with value: 0.7119629533692041 and parameters: {'metric': 'cosine', 
'svd_dim': None, 'normalize': True, 'hybrid_weight': 0.81, 'candidate_k': 25}. Best is trial 0 with value: 
0.7164580171329297.
[I 2026-05-30 16:11:03,981] Trial 5 finished with value: 0.665835515425649 and parameters: {'metric': 'cosine', 
'svd_dim': None, 'normalize': False, 'hybrid_weight': 0.5, 'candidate_k': 50}. Best is trial 0 with value: 
0.7164580171329297.
[I 2026-05-30 16:11:19,201] Trial 6 finished with value: 0.711051873275563 and parameters: {'metric': 'cosine', 
'svd_dim': None, 'normalize': True, 'hybrid_weight': 1.0, 'candidate_k': 10}. Best is trial 0 with value: 
0.7164580171329297.
[I 2026-05-30 16:11:36,154] Trial 7 finished with value: 0.5552880245736175 and parameters: {'metric': 'l2', 
'svd_dim': None, 'normalize': False, 'hybrid_weight': 0.0, 'candidate_k': 25}. Best is trial 0 with value: 
0.7164580171329297.
[I 2026-05-30 16:11:50,625] Trial 8 finished with value: 0.6727734161507667 and parameters: {'metric': 'cosine', 
'svd_dim': None, 'normalize': True, 'hybrid_weight': 0.5, 'candidate_k': 10}. Best is trial 0 with value: 
0.7164580171329297.
[I 2026-05-30 16:12:05,435] Trial 9 finished with value: 0.7119629533692041 and parameters: {'metric': 'cosine', 
'svd_dim': None, 'normalize': False, 'hybrid_weight': 0.81, 'candidate_k': 25}. Best is trial 0 with value: 
0.7164580171329297.
[I 2026-05-30 16:12:20,507] Trial 10 finished with value: 0.7143085086426093 and parameters: {'metric': 'cosine', 
'svd_dim': None, 'normalize': True, 'hybrid_weight': 0.81, 'candidate_k': 10}. Best is trial 0 with value: 
0.7164580171329297.
[I 2026-05-30 16:12:38,275] Trial 11 finished with value: 0.5552880245736175 and parameters: {'metric': 'l2', 
'svd_dim': None, 'normalize': False, 'hybrid_weight': 0.0, 'candidate_k': 10}. Best is trial 0 with value: 
0.7164580171329297.
[I 2026-05-30 16:12:56,852] Trial 12 finished with value: 0.6756913563057035 and parameters: {'metric': 'l2', 
'svd_dim': None, 'normalize': True, 'hybrid_weight': 0.5, 'candidate_k': 10}. Best is trial 0 with value: 
0.7164580171329297.
[I 2026-05-30 16:13:15,947] Trial 13 finished with value: 0.671888424284792 and parameters: {'metric': 'l2', 
'svd_dim': None, 'normalize': False, 'hybrid_weight': 0.5, 'candidate_k': 50}. Best is trial 0 with value: 
0.7164580171329297.
[I 2026-05-30 16:13:30,499] Trial 14 finished with value: 0.5552880245736175 and parameters: {'metric': 'cosine', 
'svd_dim': None, 'normalize': False, 'hybrid_weight': 0.0, 'candidate_k': 50}. Best is trial 0 with value: 
0.7164580171329297.
[I 2026-05-30 16:13:44,675] Trial 15 finished with value: 0.711051873275563 and parameters: {'metric': 'cosine', 
'svd_dim': None, 'normalize': False, 'hybrid_weight': 1.0, 'candidate_k': 10}. Best is trial 0 with value: 
0.7164580171329297.
[I 2026-05-30 16:13:59,621] Trial 16 finished with value: 0.5552880245736175 and parameters: {'metric': 'cosine', 
'svd_dim': None, 'normalize': False, 'hybrid_weight': 0.0, 'candidate_k': 25}. Best is trial 0 with value: 
0.7164580171329297.
[I 2026-05-30 16:14:13,970] Trial 17 finished with value: 0.711051873275563 and parameters: {'metric': 'cosine', 
'svd_dim': None, 'normalize': False, 'hybrid_weight': 1.0, 'candidate_k': 50}. Best is trial 0 with value: 
0.7164580171329297.
[I 2026-05-30 16:14:31,519] Trial 18 finished with value: 0.711051873275563 and parameters: {'metric': 'l2', 
'svd_dim': None, 'normalize': False, 'hybrid_weight': 1.0, 'candidate_k': 10}. Best is trial 0 with value: 
0.7164580171329297.
[I 2026-05-30 16:14:46,211] Trial 19 finished with value: 0.7143085086426093 and parameters: {'metric': 'cosine', 
'svd_dim': None, 'normalize': False, 'hybrid_weight': 0.81, 'candidate_k': 10}. Best is trial 0 with value: 
0.7164580171329297.
[I 2026-05-30 16:15:00,876] Trial 20 finished with value: 0.5552880245736175 and parameters: {'metric': 'cosine', 
'svd_dim': None, 'normalize': True, 'hybrid_weight': 0.0, 'candidate_k': 25}. Best is trial 0 with value: 
0.7164580171329297.
[I 2026-05-30 16:15:14,457] Trial 21 finished with value: 0.711051873275563 and parameters: {'metric': 'cosine', 
'svd_dim': None, 'normalize': False, 'hybrid_weight': 1.0, 'candidate_k': 25}. Best is trial 0 with value: 
0.7164580171329297.
[I 2026-05-30 16:15:28,717] Trial 22 finished with value: 0.5552880245736175 and parameters: {'metric': 'cosine', 
'svd_dim': None, 'normalize': True, 'hybrid_weight': 0.0, 'candidate_k': 50}. Best is trial 0 with value: 
0.7164580171329297.
[I 2026-05-30 16:15:45,061] Trial 23 finished with value: 0.711051873275563 and parameters: {'metric': 'l2', 
'svd_dim': None, 'normalize': True, 'hybrid_weight': 1.0, 'candidate_k': 50}. Best is trial 0 with value: 
0.7164580171329297.
[I 2026-05-30 16:15:59,164] Trial 24 finished with value: 0.5552880245736175 and parameters: {'metric': 'cosine', 
'svd_dim': None, 'normalize': True, 'hybrid_weight': 0.0, 'candidate_k': 10}. Best is trial 0 with value: 
0.7164580171329297.
[I 2026-05-30 16:16:16,221] Trial 25 finished with value: 0.711051873275563 and parameters: {'metric': 'l2', 
'svd_dim': None, 'normalize': False, 'hybrid_weight': 1.0, 'candidate_k': 25}. Best is trial 0 with value: 
0.7164580171329297.
[I 2026-05-30 16:16:33,715] Trial 26 finished with value: 0.711051873275563 and parameters: {'metric': 'l2', 
'svd_dim': None, 'normalize': True, 'hybrid_weight': 1.0, 'candidate_k': 25}. Best is trial 0 with value: 
0.7164580171329297.
[I 2026-05-30 16:16:48,284] Trial 27 finished with value: 0.6727734161507667 and parameters: {'metric': 'cosine', 
'svd_dim': None, 'normalize': False, 'hybrid_weight': 0.5, 'candidate_k': 10}. Best is trial 0 with value: 
0.7164580171329297.
[I 2026-05-30 16:17:07,261] Trial 28 finished with value: 0.7114727494711907 and parameters: {'metric': 'l2', 
'svd_dim': None, 'normalize': False, 'hybrid_weight': 0.81, 'candidate_k': 10}. Best is trial 0 with value: 
0.7164580171329297.
[I 2026-05-30 16:17:25,505] Trial 29 finished with value: 0.5552880245736175 and parameters: {'metric': 'l2', 
'svd_dim': None, 'normalize': True, 'hybrid_weight': 0.0, 'candidate_k': 50}. Best is trial 0 with value: 
0.7164580171329297.
[I 2026-05-30 16:17:40,716] Trial 30 finished with value: 0.5552880245736175 and parameters: {'metric': 'cosine', 
'svd_dim': None, 'normalize': False, 'hybrid_weight': 0.0, 'candidate_k': 10}. Best is trial 0 with value: 
0.7164580171329297.
[I 2026-05-30 16:17:56,151] Trial 31 finished with value: 0.711051873275563 and parameters: {'metric': 'cosine', 
'svd_dim': None, 'normalize': True, 'hybrid_weight': 1.0, 'candidate_k': 50}. Best is trial 0 with value: 
0.7164580171329297.
[I 2026-05-30 16:18:11,372] Trial 32 finished with value: 0.6690160318743582 and parameters: {'metric': 'cosine', 
'svd_dim': None, 'normalize': False, 'hybrid_weight': 0.5, 'candidate_k': 25}. Best is trial 0 with value: 
0.7164580171329297.
[I 2026-05-30 16:18:29,229] Trial 33 finished with value: 0.5552880245736175 and parameters: {'metric': 'l2', 
'svd_dim': None, 'normalize': True, 'hybrid_weight': 0.0, 'candidate_k': 10}. Best is trial 0 with value: 
0.7164580171329297.
[I 2026-05-30 16:18:44,364] Trial 34 finished with value: 0.665835515425649 and parameters: {'metric': 'cosine', 
'svd_dim': None, 'normalize': True, 'hybrid_weight': 0.5, 'candidate_k': 50}. Best is trial 0 with value: 
0.7164580171329297.
[I 2026-05-30 16:19:02,327] Trial 35 finished with value: 0.5552880245736175 and parameters: {'metric': 'l2', 
'svd_dim': None, 'normalize': False, 'hybrid_weight': 0.0, 'candidate_k': 50}. Best is trial 0 with value: 
0.7164580171329297.
[I 2026-05-30 16:19:19,513] Trial 36 finished with value: 0.6721238081769454 and parameters: {'metric': 'l2', 
'svd_dim': None, 'normalize': False, 'hybrid_weight': 0.5, 'candidate_k': 25}. Best is trial 0 with value: 
0.7164580171329297.
[I 2026-05-30 16:19:35,133] Trial 37 finished with value: 0.7141344112640328 and parameters: {'metric': 'cosine', 
'svd_dim': None, 'normalize': False, 'hybrid_weight': 0.81, 'candidate_k': 50}. Best is trial 0 with value: 
0.7164580171329297.
[I 2026-05-30 16:19:54,302] Trial 38 finished with value: 0.7114727494711907 and parameters: {'metric': 'l2', 
'svd_dim': None, 'normalize': True, 'hybrid_weight': 0.81, 'candidate_k': 10}. Best is trial 0 with value: 
0.7164580171329297.
[I 2026-05-30 16:20:13,302] Trial 39 finished with value: 0.6721238081769454 and parameters: {'metric': 'l2', 
'svd_dim': None, 'normalize': True, 'hybrid_weight': 0.5, 'candidate_k': 25}. Best is trial 0 with value: 
0.7164580171329297.
[I 2026-05-30 16:20:34,157] Trial 40 finished with value: 0.5552880245736175 and parameters: {'metric': 'l2', 
'svd_dim': None, 'normalize': True, 'hybrid_weight': 0.0, 'candidate_k': 25}. Best is trial 0 with value: 
0.7164580171329297.
[I 2026-05-30 16:20:52,725] Trial 41 finished with value: 0.711051873275563 and parameters: {'metric': 'l2', 
'svd_dim': None, 'normalize': False, 'hybrid_weight': 1.0, 'candidate_k': 50}. Best is trial 0 with value: 
0.7164580171329297.
[I 2026-05-30 16:21:07,863] Trial 42 finished with value: 0.6690160318743582 and parameters: {'metric': 'cosine', 
'svd_dim': None, 'normalize': True, 'hybrid_weight': 0.5, 'candidate_k': 25}. Best is trial 0 with value: 
0.7164580171329297.
[I 2026-05-30 16:21:28,696] Trial 43 finished with value: 0.6756913563057035 and parameters: {'metric': 'l2', 
'svd_dim': None, 'normalize': False, 'hybrid_weight': 0.5, 'candidate_k': 10}. Best is trial 0 with value: 
0.7164580171329297.
[I 2026-05-30 16:21:47,189] Trial 44 finished with value: 0.7137015853738162 and parameters: {'metric': 'l2', 
'svd_dim': None, 'normalize': True, 'hybrid_weight': 0.81, 'candidate_k': 50}. Best is trial 0 with value: 
0.7164580171329297.
[I 2026-05-30 16:22:06,234] Trial 45 finished with value: 0.711051873275563 and parameters: {'metric': 'l2', 
'svd_dim': None, 'normalize': True, 'hybrid_weight': 1.0, 'candidate_k': 10}. Best is trial 0 with value: 
0.7164580171329297.
[I 2026-05-30 16:22:21,343] Trial 46 finished with value: 0.711051873275563 and parameters: {'metric': 'cosine', 
'svd_dim': None, 'normalize': True, 'hybrid_weight': 1.0, 'candidate_k': 25}. Best is trial 0 with value: 
0.7164580171329297.
[I 2026-05-30 16:22:39,761] Trial 47 finished with value: 0.671888424284792 and parameters: {'metric': 'l2', 
'svd_dim': None, 'normalize': True, 'hybrid_weight': 0.5, 'candidate_k': 50}. Best is trial 0 with value: 
0.7164580171329297.
[16:22:44] done grid: tune=0.7165 holdout=0.5649 pruned=0/48 in 13.2 min
[16:22:44] starting random (n_trials=80)
[I 2026-05-30 16:22:45,166] A new study created in RDB with name: csai415-d1-random
[I 2026-05-30 16:23:02,850] Trial 0 finished with value: 0.7129791749059405 and parameters: {'metric': 'l2', 
'svd_dim': None, 'normalize': True, 'hybrid_weight': 0.7080725777960455, 'candidate_k': 5}. Best is trial 0 with 
value: 0.7129791749059405.
[I 2026-05-30 16:23:18,508] Trial 1 finished with value: 0.6916850407120598 and parameters: {'metric': 'cosine', 
'svd_dim': 256, 'normalize': True, 'hybrid_weight': 0.6118528947223795, 'candidate_k': 11}. Best is trial 0 with 
value: 0.7129791749059405.
[I 2026-05-30 16:23:34,066] Trial 2 finished with value: 0.6041181916126814 and parameters: {'metric': 'dot', 
'svd_dim': None, 'normalize': False, 'hybrid_weight': 0.17052412368729153, 'candidate_k': 7}. Best is trial 0 with 
value: 0.7129791749059405.
[I 2026-05-30 16:23:49,879] Trial 3 finished with value: 0.5645471865677727 and parameters: {'metric': 'l2', 
'svd_dim': 128, 'normalize': False, 'hybrid_weight': 0.034388521115218396, 'candidate_k': 46}. Best is trial 0 with 
value: 0.7129791749059405.
[I 2026-05-30 16:24:06,724] Trial 4 finished with value: 0.7078402372519796 and parameters: {'metric': 'l2', 
'svd_dim': 256, 'normalize': False, 'hybrid_weight': 0.8948273504276488, 'candidate_k': 32}. Best is trial 0 with 
value: 0.7129791749059405.
[I 2026-05-30 16:24:23,717] Trial 5 finished with value: 0.6186639802447517 and parameters: {'metric': 'cosine', 
'svd_dim': 128, 'normalize': True, 'hybrid_weight': 0.28093450968738076, 'candidate_k': 29}. Best is trial 0 with 
value: 0.7129791749059405.
[I 2026-05-30 16:24:42,560] Trial 6 finished with value: 0.7135888344702196 and parameters: {'metric': 'l2', 
'svd_dim': None, 'normalize': True, 'hybrid_weight': 0.7290071680409873, 'candidate_k': 40}. Best is trial 6 with 
value: 0.7135888344702196.
[I 2026-05-30 16:25:00,168] Trial 7 finished with value: 0.714085016329575 and parameters: {'metric': 'l2', 'svd_dim': 
None, 'normalize': False, 'hybrid_weight': 0.7296061783380641, 'candidate_k': 34}. Best is trial 7 with value: 
0.714085016329575.
[I 2026-05-30 16:25:17,971] Trial 8 finished with value: 0.6567014053882609 and parameters: {'metric': 'cosine', 
'svd_dim': 256, 'normalize': False, 'hybrid_weight': 0.42754101835854963, 'candidate_k': 6}. Best is trial 7 with 
value: 0.714085016329575.
[I 2026-05-30 16:25:34,108] Trial 9 finished with value: 0.6192544617409936 and parameters: {'metric': 'dot', 
'svd_dim': 128, 'normalize': False, 'hybrid_weight': 0.22879816549162246, 'candidate_k': 8}. Best is trial 7 with 
value: 0.714085016329575.
[I 2026-05-30 16:25:50,191] Trial 10 finished with value: 0.6662060047759178 and parameters: {'metric': 'dot', 
'svd_dim': 128, 'normalize': False, 'hybrid_weight': 0.5393422419156507, 'candidate_k': 42}. Best is trial 7 with 
value: 0.714085016329575.
[I 2026-05-30 16:26:05,594] Trial 11 finished with value: 0.6557052980165993 and parameters: {'metric': 'cosine', 
'svd_dim': 256, 'normalize': False, 'hybrid_weight': 0.417411003148779, 'candidate_k': 15}. Best is trial 7 with 
value: 0.714085016329575.
[I 2026-05-30 16:26:22,084] Trial 12 finished with value: 0.616612629641887 and parameters: {'metric': 'dot', 
'svd_dim': 128, 'normalize': True, 'hybrid_weight': 0.25178229582536416, 'candidate_k': 27}. Best is trial 7 with 
value: 0.714085016329575.
[I 2026-05-30 16:26:37,381] Trial 13 finished with value: 0.5885989243799309 and parameters: {'metric': 'cosine', 
'svd_dim': None, 'normalize': True, 'hybrid_weight': 0.1448948720912231, 'candidate_k': 27}. Best is trial 7 with 
value: 0.714085016329575.
[I 2026-05-30 16:26:54,411] Trial 14 finished with value: 0.678532676050964 and parameters: {'metric': 'cosine', 
'svd_dim': None, 'normalize': False, 'hybrid_weight': 0.5357746840747585, 'candidate_k': 9}. Best is trial 7 with 
value: 0.714085016329575.
[I 2026-05-30 16:27:10,314] Trial 15 finished with value: 0.6870037676503894 and parameters: {'metric': 'cosine', 
'svd_dim': 128, 'normalize': True, 'hybrid_weight': 0.6451727904094499, 'candidate_k': 13}. Best is trial 7 with 
value: 0.714085016329575.
[I 2026-05-30 16:27:27,257] Trial 16 finished with value: 0.7006727377051969 and parameters: {'metric': 'dot', 
'svd_dim': 256, 'normalize': True, 'hybrid_weight': 0.659984046034179, 'candidate_k': 42}. Best is trial 7 with value: 
0.714085016329575.
[I 2026-05-30 16:27:43,711] Trial 17 finished with value: 0.697628774832125 and parameters: {'metric': 'cosine', 
'svd_dim': 128, 'normalize': False, 'hybrid_weight': 0.7259556788702394, 'candidate_k': 46}. Best is trial 7 with 
value: 0.714085016329575.
[I 2026-05-30 16:28:02,480] Trial 18 finished with value: 0.6851450943667471 and parameters: {'metric': 'cosine', 
'svd_dim': 128, 'normalize': False, 'hybrid_weight': 0.6635017691080558, 'candidate_k': 5}. Best is trial 7 with 
value: 0.714085016329575.
[I 2026-05-30 16:28:21,119] Trial 19 finished with value: 0.6891832638340035 and parameters: {'metric': 'dot', 
'svd_dim': 128, 'normalize': False, 'hybrid_weight': 0.6496328990472147, 'candidate_k': 44}. Best is trial 7 with 
value: 0.714085016329575.
[I 2026-05-30 16:28:39,306] Trial 20 finished with value: 0.693373756151593 and parameters: {'metric': 'cosine', 
'svd_dim': 256, 'normalize': False, 'hybrid_weight': 0.6311386259972629, 'candidate_k': 41}. Best is trial 7 with 
value: 0.714085016329575.
[I 2026-05-30 16:28:56,678] Trial 21 finished with value: 0.6353846652674371 and parameters: {'metric': 'l2', 
'svd_dim': 64, 'normalize': True, 'hybrid_weight': 0.9404585843529143, 'candidate_k': 48}. Best is trial 7 with value: 
0.714085016329575.
[I 2026-05-30 16:29:17,606] Trial 22 finished with value: 0.6350488093425527 and parameters: {'metric': 'cosine', 
'svd_dim': 128, 'normalize': True, 'hybrid_weight': 0.38509772860192526, 'candidate_k': 44}. Best is trial 7 with 
value: 0.714085016329575.
[I 2026-05-30 16:29:35,742] Trial 23 finished with value: 0.5873217529020314 and parameters: {'metric': 'dot', 
'svd_dim': None, 'normalize': False, 'hybrid_weight': 0.14008401523652403, 'candidate_k': 28}. Best is trial 7 with 
value: 0.714085016329575.
[I 2026-05-30 16:29:53,424] Trial 24 finished with value: 0.709067757519873 and parameters: {'metric': 'cosine', 
'svd_dim': 256, 'normalize': False, 'hybrid_weight': 0.9132405525564713, 'candidate_k': 28}. Best is trial 7 with 
value: 0.714085016329575.
[I 2026-05-30 16:30:11,202] Trial 25 finished with value: 0.687010329670657 and parameters: {'metric': 'l2', 
'svd_dim': 128, 'normalize': True, 'hybrid_weight': 0.578280140996174, 'candidate_k': 6}. Best is trial 7 with value: 
0.714085016329575.
[I 2026-05-30 16:30:30,457] Trial 26 finished with value: 0.6761952774514473 and parameters: {'metric': 'l2', 
'svd_dim': 256, 'normalize': True, 'hybrid_weight': 0.5222432600548044, 'candidate_k': 40}. Best is trial 7 with 
value: 0.714085016329575.
[I 2026-05-30 16:30:50,111] Trial 27 finished with value: 0.678923058560164 and parameters: {'metric': 'l2', 
'svd_dim': 256, 'normalize': False, 'hybrid_weight': 0.5163003483011953, 'candidate_k': 19}. Best is trial 7 with 
value: 0.714085016329575.
[I 2026-05-30 16:31:07,033] Trial 28 finished with value: 0.5999998074277111 and parameters: {'metric': 'cosine', 
'svd_dim': 128, 'normalize': True, 'hybrid_weight': 0.17329432007084578, 'candidate_k': 12}. Best is trial 7 with 
value: 0.714085016329575.
[I 2026-05-30 16:31:25,147] Trial 29 finished with value: 0.6515836356550946 and parameters: {'metric': 'dot', 
'svd_dim': 128, 'normalize': False, 'hybrid_weight': 0.4196000624277899, 'candidate_k': 16}. Best is trial 7 with 
value: 0.714085016329575.
[I 2026-05-30 16:31:41,925] Trial 30 finished with value: 0.5817540970152063 and parameters: {'metric': 'l2', 
'svd_dim': 256, 'normalize': True, 'hybrid_weight': 0.09783416065100148, 'candidate_k': 27}. Best is trial 7 with 
value: 0.714085016329575.
[I 2026-05-30 16:31:57,692] Trial 31 finished with value: 0.6563061791220017 and parameters: {'metric': 'cosine', 
'svd_dim': 128, 'normalize': False, 'hybrid_weight': 0.5031362585800877, 'candidate_k': 44}. Best is trial 7 with 
value: 0.714085016329575.
[I 2026-05-30 16:32:14,054] Trial 32 finished with value: 0.6969624949020498 and parameters: {'metric': 'cosine', 
'svd_dim': 256, 'normalize': True, 'hybrid_weight': 0.6432882184423532, 'candidate_k': 26}. Best is trial 7 with 
value: 0.714085016329575.
[I 2026-05-30 16:32:32,915] Trial 33 finished with value: 0.581652484733534 and parameters: {'metric': 'l2', 
'svd_dim': None, 'normalize': True, 'hybrid_weight': 0.0944429607559284, 'candidate_k': 36}. Best is trial 7 with 
value: 0.714085016329575.
[I 2026-05-30 16:32:49,959] Trial 34 finished with value: 0.66611095121877 and parameters: {'metric': 'dot', 
'svd_dim': 64, 'normalize': True, 'hybrid_weight': 0.877472013527053, 'candidate_k': 38}. Best is trial 7 with value: 
0.714085016329575.
[I 2026-05-30 16:33:24,223] Trial 35 finished with value: 0.6293279857651737 and parameters: {'metric': 'cosine', 
'svd_dim': 128, 'normalize': False, 'hybrid_weight': 0.34080354025301784, 'candidate_k': 47}. Best is trial 7 with 
value: 0.714085016329575.
