[I 2026-05-30 16:34:13,329] Trial 36 finished with value: 0.6985550526314298 and parameters: {'metric': 'cosine', 
'svd_dim': 128, 'normalize': True, 'hybrid_weight': 0.8955232284962005, 'candidate_k': 22}. Best is trial 7 with 
value: 0.714085016329575.
[I 2026-05-30 16:34:34,798] Trial 37 finished with value: 0.6358398081843076 and parameters: {'metric': 'l2', 
'svd_dim': 128, 'normalize': True, 'hybrid_weight': 0.29321077169806453, 'candidate_k': 20}. Best is trial 7 with 
value: 0.714085016329575.
[I 2026-05-30 16:34:49,784] Trial 38 finished with value: 0.7127696567033701 and parameters: {'metric': 'dot', 
'svd_dim': None, 'normalize': True, 'hybrid_weight': 0.8877041827582998, 'candidate_k': 21}. Best is trial 7 with 
value: 0.714085016329575.
[I 2026-05-30 16:35:07,871] Trial 39 finished with value: 0.7021964604253793 and parameters: {'metric': 'dot', 
'svd_dim': 256, 'normalize': False, 'hybrid_weight': 0.7062422271564962, 'candidate_k': 8}. Best is trial 7 with 
value: 0.714085016329575.
[I 2026-05-30 16:35:31,196] Trial 40 finished with value: 0.5817880348023292 and parameters: {'metric': 'l2', 
'svd_dim': 256, 'normalize': True, 'hybrid_weight': 0.08350071669866876, 'candidate_k': 40}. Best is trial 7 with 
value: 0.714085016329575.
[I 2026-05-30 16:35:48,912] Trial 41 finished with value: 0.5785858575717737 and parameters: {'metric': 'dot', 
'svd_dim': 64, 'normalize': False, 'hybrid_weight': 0.11752624677710488, 'candidate_k': 34}. Best is trial 7 with 
value: 0.714085016329575.
[I 2026-05-30 16:36:05,070] Trial 42 finished with value: 0.6842976614729996 and parameters: {'metric': 'dot', 
'svd_dim': 128, 'normalize': True, 'hybrid_weight': 0.969878826707639, 'candidate_k': 6}. Best is trial 7 with value: 
0.714085016329575.
[I 2026-05-30 16:36:22,884] Trial 43 finished with value: 0.6512133912643698 and parameters: {'metric': 'dot', 
'svd_dim': 128, 'normalize': False, 'hybrid_weight': 0.45454106476777323, 'candidate_k': 33}. Best is trial 7 with 
value: 0.714085016329575.
[I 2026-05-30 16:36:40,407] Trial 44 finished with value: 0.5979511374896601 and parameters: {'metric': 'l2', 
'svd_dim': 64, 'normalize': True, 'hybrid_weight': 0.1881211597237613, 'candidate_k': 26}. Best is trial 7 with value: 
0.714085016329575.
[I 2026-05-30 16:36:59,021] Trial 45 finished with value: 0.6742739144723356 and parameters: {'metric': 'l2', 
'svd_dim': 64, 'normalize': False, 'hybrid_weight': 0.6847311725538793, 'candidate_k': 12}. Best is trial 7 with 
value: 0.714085016329575.
[I 2026-05-30 16:37:17,401] Trial 46 finished with value: 0.5616465325882409 and parameters: {'metric': 'dot', 
'svd_dim': 256, 'normalize': True, 'hybrid_weight': 0.026366974497252005, 'candidate_k': 22}. Best is trial 7 with 
value: 0.714085016329575.
[I 2026-05-30 16:37:35,733] Trial 47 finished with value: 0.6518945215163817 and parameters: {'metric': 'l2', 
'svd_dim': 128, 'normalize': True, 'hybrid_weight': 0.4148195023376652, 'candidate_k': 17}. Best is trial 7 with 
value: 0.714085016329575.
[I 2026-05-30 16:37:55,780] Trial 48 finished with value: 0.6229741070449613 and parameters: {'metric': 'l2', 
'svd_dim': None, 'normalize': True, 'hybrid_weight': 0.24734810174319766, 'candidate_k': 25}. Best is trial 7 with 
value: 0.714085016329575.
[I 2026-05-30 16:38:13,930] Trial 49 finished with value: 0.6643754821295047 and parameters: {'metric': 'l2', 
'svd_dim': 64, 'normalize': False, 'hybrid_weight': 0.5203077009037933, 'candidate_k': 40}. Best is trial 7 with 
value: 0.714085016329575.
[I 2026-05-30 16:38:30,829] Trial 50 finished with value: 0.6731411643355673 and parameters: {'metric': 'l2', 
'svd_dim': 64, 'normalize': False, 'hybrid_weight': 0.6203095513534647, 'candidate_k': 37}. Best is trial 7 with 
value: 0.714085016329575.
[I 2026-05-30 16:38:46,939] Trial 51 finished with value: 0.6520254661928011 and parameters: {'metric': 'cosine', 
'svd_dim': 64, 'normalize': True, 'hybrid_weight': 0.5139894891598108, 'candidate_k': 41}. Best is trial 7 with value: 
0.714085016329575.
[I 2026-05-30 16:39:03,281] Trial 52 finished with value: 0.7106407771933103 and parameters: {'metric': 'dot', 
'svd_dim': None, 'normalize': False, 'hybrid_weight': 0.980032575285477, 'candidate_k': 27}. Best is trial 7 with 
value: 0.714085016329575.
[I 2026-05-30 16:39:20,857] Trial 53 finished with value: 0.599848313928026 and parameters: {'metric': 'l2', 
'svd_dim': 256, 'normalize': False, 'hybrid_weight': 0.18188008439914483, 'candidate_k': 20}. Best is trial 7 with 
value: 0.714085016329575.
[I 2026-05-30 16:39:36,817] Trial 54 finished with value: 0.5799749890905201 and parameters: {'metric': 'cosine', 
'svd_dim': 64, 'normalize': True, 'hybrid_weight': 0.08870253375705561, 'candidate_k': 10}. Best is trial 7 with 
value: 0.714085016329575.
[I 2026-05-30 16:39:52,589] Trial 55 finished with value: 0.7055412741881807 and parameters: {'metric': 'cosine', 
'svd_dim': 256, 'normalize': True, 'hybrid_weight': 0.8735786241067772, 'candidate_k': 47}. Best is trial 7 with 
value: 0.714085016329575.
[I 2026-05-30 16:40:08,234] Trial 56 finished with value: 0.647244638253137 and parameters: {'metric': 'dot', 
'svd_dim': None, 'normalize': False, 'hybrid_weight': 0.3689136395697724, 'candidate_k': 26}. Best is trial 7 with 
value: 0.714085016329575.
[I 2026-05-30 16:40:23,619] Trial 57 finished with value: 0.6567170920603795 and parameters: {'metric': 'cosine', 
'svd_dim': 64, 'normalize': False, 'hybrid_weight': 0.5326172664550232, 'candidate_k': 16}. Best is trial 7 with 
value: 0.714085016329575.
[I 2026-05-30 16:40:40,830] Trial 58 finished with value: 0.6966229667113185 and parameters: {'metric': 'l2', 
'svd_dim': 128, 'normalize': True, 'hybrid_weight': 0.6791023191444896, 'candidate_k': 41}. Best is trial 7 with 
value: 0.714085016329575.
[I 2026-05-30 16:40:56,874] Trial 59 finished with value: 0.6674757335621389 and parameters: {'metric': 'dot', 
'svd_dim': 64, 'normalize': False, 'hybrid_weight': 0.6459172413316012, 'candidate_k': 31}. Best is trial 7 with 
value: 0.714085016329575.
[I 2026-05-30 16:41:15,227] Trial 60 finished with value: 0.6375014601328027 and parameters: {'metric': 'l2', 
'svd_dim': 256, 'normalize': False, 'hybrid_weight': 0.2850951686938471, 'candidate_k': 12}. Best is trial 7 with 
value: 0.714085016329575.
[I 2026-05-30 16:41:34,007] Trial 61 finished with value: 0.6714130756514091 and parameters: {'metric': 'cosine', 
'svd_dim': 64, 'normalize': True, 'hybrid_weight': 0.8170720709492799, 'candidate_k': 16}. Best is trial 7 with value: 
0.714085016329575.
[I 2026-05-30 16:41:50,813] Trial 62 finished with value: 0.6560545114220827 and parameters: {'metric': 'dot', 
'svd_dim': 256, 'normalize': False, 'hybrid_weight': 0.4254364386164168, 'candidate_k': 28}. Best is trial 7 with 
value: 0.714085016329575.
[I 2026-05-30 16:42:07,570] Trial 63 finished with value: 0.6314257679428307 and parameters: {'metric': 'dot', 
'svd_dim': 64, 'normalize': True, 'hybrid_weight': 0.3366042781939206, 'candidate_k': 11}. Best is trial 7 with value: 
0.714085016329575.
[I 2026-05-30 16:42:27,503] Trial 64 finished with value: 0.6633132445190005 and parameters: {'metric': 'l2', 
'svd_dim': None, 'normalize': True, 'hybrid_weight': 0.41184091414726853, 'candidate_k': 21}. Best is trial 7 with 
value: 0.714085016329575.
[I 2026-05-30 16:42:44,041] Trial 65 finished with value: 0.6732155473000861 and parameters: {'metric': 'dot', 
'svd_dim': 128, 'normalize': False, 'hybrid_weight': 0.5744731131799119, 'candidate_k': 43}. Best is trial 7 with 
value: 0.714085016329575.
[I 2026-05-30 16:43:05,572] Trial 66 finished with value: 0.6985550526314298 and parameters: {'metric': 'l2', 
'svd_dim': 128, 'normalize': True, 'hybrid_weight': 0.8772005408131083, 'candidate_k': 23}. Best is trial 7 with 
value: 0.714085016329575.
[I 2026-05-30 16:43:22,911] Trial 67 finished with value: 0.6397313309747825 and parameters: {'metric': 'cosine', 
'svd_dim': 128, 'normalize': False, 'hybrid_weight': 0.3838912213732114, 'candidate_k': 30}. Best is trial 7 with 
value: 0.714085016329575.
[I 2026-05-30 16:43:39,172] Trial 68 finished with value: 0.6699120220130342 and parameters: {'metric': 'cosine', 
'svd_dim': None, 'normalize': True, 'hybrid_weight': 0.5334610919763215, 'candidate_k': 46}. Best is trial 7 with 
value: 0.714085016329575.
[I 2026-05-30 16:43:55,123] Trial 69 finished with value: 0.6256142118136983 and parameters: {'metric': 'cosine', 
'svd_dim': 64, 'normalize': False, 'hybrid_weight': 0.34208174871590746, 'candidate_k': 42}. Best is trial 7 with 
value: 0.714085016329575.
[I 2026-05-30 16:44:11,310] Trial 70 finished with value: 0.6759084660500176 and parameters: {'metric': 'l2', 
'svd_dim': 64, 'normalize': True, 'hybrid_weight': 0.6411476328852973, 'candidate_k': 36}. Best is trial 7 with value: 
0.714085016329575.
[I 2026-05-30 16:44:27,976] Trial 71 finished with value: 0.58309737854718 and parameters: {'metric': 'cosine', 
'svd_dim': 64, 'normalize': False, 'hybrid_weight': 0.1533514031160802, 'candidate_k': 31}. Best is trial 7 with 
value: 0.714085016329575.
[I 2026-05-30 16:44:45,458] Trial 72 finished with value: 0.5891242959300762 and parameters: {'metric': 'l2', 
'svd_dim': 64, 'normalize': True, 'hybrid_weight': 0.15253904291426135, 'candidate_k': 31}. Best is trial 7 with 
value: 0.714085016329575.
[I 2026-05-30 16:45:02,396] Trial 73 finished with value: 0.5850612503295152 and parameters: {'metric': 'dot', 
'svd_dim': None, 'normalize': True, 'hybrid_weight': 0.12466268120326685, 'candidate_k': 47}. Best is trial 7 with 
value: 0.714085016329575.
[I 2026-05-30 16:45:18,163] Trial 74 finished with value: 0.6475991788025982 and parameters: {'metric': 'cosine', 
'svd_dim': 256, 'normalize': False, 'hybrid_weight': 0.3981686935909433, 'candidate_k': 29}. Best is trial 7 with 
value: 0.714085016329575.
[I 2026-05-30 16:45:33,779] Trial 75 finished with value: 0.6674782391809059 and parameters: {'metric': 'cosine', 
'svd_dim': None, 'normalize': False, 'hybrid_weight': 0.49836777273947974, 'candidate_k': 24}. Best is trial 7 with 
value: 0.714085016329575.
[I 2026-05-30 16:45:50,147] Trial 76 finished with value: 0.6472952093039842 and parameters: {'metric': 'cosine', 
'svd_dim': 128, 'normalize': True, 'hybrid_weight': 0.41462412372702373, 'candidate_k': 8}. Best is trial 7 with 
value: 0.714085016329575.
[I 2026-05-30 16:46:07,195] Trial 77 finished with value: 0.5629031451614549 and parameters: {'metric': 'cosine', 
'svd_dim': 256, 'normalize': True, 'hybrid_weight': 0.03654966784809488, 'candidate_k': 26}. Best is trial 7 with 
value: 0.714085016329575.
[I 2026-05-30 16:46:23,898] Trial 78 finished with value: 0.5883146428383337 and parameters: {'metric': 'dot', 
'svd_dim': 64, 'normalize': True, 'hybrid_weight': 0.18192813049527112, 'candidate_k': 44}. Best is trial 7 with 
value: 0.714085016329575.
[I 2026-05-30 16:46:40,974] Trial 79 finished with value: 0.5616465325882409 and parameters: {'metric': 'cosine', 
'svd_dim': None, 'normalize': True, 'hybrid_weight': 0.02709599250348349, 'candidate_k': 15}. Best is trial 7 with 
value: 0.714085016329575.
[16:46:46] done random: tune=0.7141 holdout=0.5610 pruned=0/80 in 23.9 min
[16:46:46] starting tpe_bayesian (n_trials=80)
C:\Users\waska\AppData\Local\Packages\PythonSoftwareFoundation.Python.3.12_qbz5n2kfra8p0\LocalCache\local-packages\Pyth
on312\site-packages\optuna\_experimental.py:31: ExperimentalWarning: Argument ``multivariate`` is an experimental 
feature. The interface can change in the future.
  warnings.warn(
[I 2026-05-30 16:46:46,331] A new study created in RDB with name: csai415-d1-tpe_bayesian
[I 2026-05-30 16:47:05,672] Trial 0 finished with value: 0.7129791749059405 and parameters: {'metric': 'l2', 
'svd_dim': None, 'normalize': True, 'hybrid_weight': 0.7080725777960455, 'candidate_k': 5}. Best is trial 0 with 
value: 0.7129791749059405.
[I 2026-05-30 16:47:23,537] Trial 1 finished with value: 0.6916850407120598 and parameters: {'metric': 'cosine', 
'svd_dim': 256, 'normalize': True, 'hybrid_weight': 0.6118528947223795, 'candidate_k': 11}. Best is trial 0 with 
value: 0.7129791749059405.
[I 2026-05-30 16:47:40,292] Trial 2 finished with value: 0.6041181916126814 and parameters: {'metric': 'dot', 
'svd_dim': None, 'normalize': False, 'hybrid_weight': 0.17052412368729153, 'candidate_k': 7}. Best is trial 0 with 
value: 0.7129791749059405.
[I 2026-05-30 16:47:57,339] Trial 3 finished with value: 0.5645471865677727 and parameters: {'metric': 'l2', 
'svd_dim': 128, 'normalize': False, 'hybrid_weight': 0.034388521115218396, 'candidate_k': 46}. Best is trial 0 with 
value: 0.7129791749059405.
[I 2026-05-30 16:48:14,708] Trial 4 finished with value: 0.7078402372519796 and parameters: {'metric': 'l2', 
'svd_dim': 256, 'normalize': False, 'hybrid_weight': 0.8948273504276488, 'candidate_k': 32}. Best is trial 0 with 
value: 0.7129791749059405.
[I 2026-05-30 16:48:30,295] Trial 5 finished with value: 0.6186639802447517 and parameters: {'metric': 'cosine', 
'svd_dim': 128, 'normalize': True, 'hybrid_weight': 0.28093450968738076, 'candidate_k': 29}. Best is trial 0 with 
value: 0.7129791749059405.
[I 2026-05-30 16:48:49,144] Trial 6 finished with value: 0.7135888344702196 and parameters: {'metric': 'l2', 
'svd_dim': None, 'normalize': True, 'hybrid_weight': 0.7290071680409873, 'candidate_k': 40}. Best is trial 6 with 
value: 0.7135888344702196.
[I 2026-05-30 16:49:07,322] Trial 7 finished with value: 0.714085016329575 and parameters: {'metric': 'l2', 'svd_dim': 
None, 'normalize': False, 'hybrid_weight': 0.7296061783380641, 'candidate_k': 34}. Best is trial 7 with value: 
0.714085016329575.
[I 2026-05-30 16:49:23,543] Trial 8 finished with value: 0.6567014053882609 and parameters: {'metric': 'cosine', 
'svd_dim': 256, 'normalize': False, 'hybrid_weight': 0.42754101835854963, 'candidate_k': 6}. Best is trial 7 with 
value: 0.714085016329575.
[I 2026-05-30 16:49:38,813] Trial 9 finished with value: 0.6192544617409936 and parameters: {'metric': 'dot', 
'svd_dim': 128, 'normalize': False, 'hybrid_weight': 0.22879816549162246, 'candidate_k': 8}. Best is trial 7 with 
value: 0.714085016329575.
[I 2026-05-30 16:49:54,683] Trial 10 finished with value: 0.6662060047759178 and parameters: {'metric': 'dot', 
'svd_dim': 128, 'normalize': False, 'hybrid_weight': 0.5393422419156507, 'candidate_k': 42}. Best is trial 7 with 
value: 0.714085016329575.
[I 2026-05-30 16:50:11,381] Trial 11 finished with value: 0.6557052980165993 and parameters: {'metric': 'cosine', 
'svd_dim': 256, 'normalize': False, 'hybrid_weight': 0.417411003148779, 'candidate_k': 15}. Best is trial 7 with 
value: 0.714085016329575.
[I 2026-05-30 16:50:27,375] Trial 12 finished with value: 0.616612629641887 and parameters: {'metric': 'dot', 
'svd_dim': 128, 'normalize': True, 'hybrid_weight': 0.25178229582536416, 'candidate_k': 27}. Best is trial 7 with 
value: 0.714085016329575.
[I 2026-05-30 16:50:42,661] Trial 13 finished with value: 0.5885989243799309 and parameters: {'metric': 'cosine', 
'svd_dim': None, 'normalize': True, 'hybrid_weight': 0.1448948720912231, 'candidate_k': 27}. Best is trial 7 with 
value: 0.714085016329575.
[I 2026-05-30 16:50:58,234] Trial 14 finished with value: 0.678532676050964 and parameters: {'metric': 'cosine', 
'svd_dim': None, 'normalize': False, 'hybrid_weight': 0.5357746840747585, 'candidate_k': 9}. Best is trial 7 with 
value: 0.714085016329575.
[I 2026-05-30 16:51:14,005] Trial 15 finished with value: 0.6870037676503894 and parameters: {'metric': 'cosine', 
'svd_dim': 128, 'normalize': True, 'hybrid_weight': 0.6451727904094499, 'candidate_k': 13}. Best is trial 7 with 
value: 0.714085016329575.
[I 2026-05-30 16:51:29,960] Trial 16 finished with value: 0.7006727377051969 and parameters: {'metric': 'dot', 
'svd_dim': 256, 'normalize': True, 'hybrid_weight': 0.659984046034179, 'candidate_k': 42}. Best is trial 7 with value: 
0.714085016329575.
[I 2026-05-30 16:51:46,293] Trial 17 finished with value: 0.697628774832125 and parameters: {'metric': 'cosine', 
'svd_dim': 128, 'normalize': False, 'hybrid_weight': 0.7259556788702394, 'candidate_k': 46}. Best is trial 7 with 
value: 0.714085016329575.
[I 2026-05-30 16:52:01,903] Trial 18 finished with value: 0.6851450943667471 and parameters: {'metric': 'cosine', 
'svd_dim': 128, 'normalize': False, 'hybrid_weight': 0.6635017691080558, 'candidate_k': 5}. Best is trial 7 with 
value: 0.714085016329575.
[I 2026-05-30 16:52:18,277] Trial 19 finished with value: 0.6891832638340035 and parameters: {'metric': 'dot', 
'svd_dim': 128, 'normalize': False, 'hybrid_weight': 0.6496328990472147, 'candidate_k': 44}. Best is trial 7 with 
value: 0.714085016329575.
[I 2026-05-30 16:52:36,865] Trial 20 finished with value: 0.6947051732227081 and parameters: {'metric': 'l2', 
'svd_dim': None, 'normalize': True, 'hybrid_weight': 0.6037940574757281, 'candidate_k': 36}. Best is trial 7 with 
value: 0.714085016329575.
[I 2026-05-30 16:52:56,628] Trial 21 finished with value: 0.7117262917242352 and parameters: {'metric': 'l2', 
'svd_dim': None, 'normalize': True, 'hybrid_weight': 0.9018533423924138, 'candidate_k': 6}. Best is trial 7 with 
value: 0.714085016329575.
[I 2026-05-30 16:53:15,353] Trial 22 finished with value: 0.7152354498169028 and parameters: {'metric': 'l2', 
'svd_dim': None, 'normalize': False, 'hybrid_weight': 0.802175144349681, 'candidate_k': 47}. Best is trial 22 with 
value: 0.7152354498169028.
[I 2026-05-30 16:53:33,910] Trial 23 finished with value: 0.7148985263914416 and parameters: {'metric': 'l2', 
'svd_dim': None, 'normalize': False, 'hybrid_weight': 0.7979057148986467, 'candidate_k': 38}. Best is trial 22 with 
value: 0.7152354498169028.
[I 2026-05-30 16:53:52,590] Trial 24 finished with value: 0.7129134860825102 and parameters: {'metric': 'l2', 
'svd_dim': None, 'normalize': False, 'hybrid_weight': 0.7034688485737514, 'candidate_k': 47}. Best is trial 22 with 
value: 0.7152354498169028.
[I 2026-05-30 16:54:11,705] Trial 25 finished with value: 0.7166351232738053 and parameters: {'metric': 'l2', 
'svd_dim': None, 'normalize': False, 'hybrid_weight': 0.8102310529569093, 'candidate_k': 24}. Best is trial 25 with 
value: 0.7166351232738053.
[I 2026-05-30 16:54:27,329] Trial 26 finished with value: 0.7122157941720431 and parameters: {'metric': 'cosine', 
'svd_dim': None, 'normalize': False, 'hybrid_weight': 0.937238725767295, 'candidate_k': 25}. Best is trial 25 with 
value: 0.7166351232738053.
[I 2026-05-30 16:54:43,175] Trial 27 finished with value: 0.6452927721912335 and parameters: {'metric': 'l2', 
'svd_dim': 64, 'normalize': False, 'hybrid_weight': 0.8801272235473379, 'candidate_k': 11}. Best is trial 25 with 
value: 0.7166351232738053.
[I 2026-05-30 16:55:00,306] Trial 28 finished with value: 0.5985252854326426 and parameters: {'metric': 'cosine', 
'svd_dim': 64, 'normalize': False, 'hybrid_weight': 0.9980376738320674, 'candidate_k': 50}. Best is trial 25 with 
value: 0.7166351232738053.
[I 2026-05-30 16:55:19,500] Trial 29 finished with value: 0.7122274720812515 and parameters: {'metric': 'l2', 
'svd_dim': None, 'normalize': False, 'hybrid_weight': 0.9489503231220099, 'candidate_k': 17}. Best is trial 25 with 
value: 0.7166351232738053.
[I 2026-05-30 16:55:35,093] Trial 30 finished with value: 0.7138701799978826 and parameters: {'metric': 'dot', 
'svd_dim': None, 'normalize': False, 'hybrid_weight': 0.7512787883340286, 'candidate_k': 22}. Best is trial 25 with 
value: 0.7166351232738053.
[I 2026-05-30 16:55:54,496] Trial 31 finished with value: 0.7147311461951136 and parameters: {'metric': 'l2', 
'svd_dim': None, 'normalize': False, 'hybrid_weight': 0.8451415690989836, 'candidate_k': 35}. Best is trial 25 with 
value: 0.7166351232738053.
[I 2026-05-30 16:56:09,821] Trial 32 finished with value: 0.7115223206269062 and parameters: {'metric': 'dot', 
'svd_dim': None, 'normalize': False, 'hybrid_weight': 0.8662906526992196, 'candidate_k': 43}. Best is trial 25 with 
value: 0.7166351232738053.
[I 2026-05-30 16:56:26,074] Trial 33 finished with value: 0.6537819315249866 and parameters: {'metric': 'l2', 
'svd_dim': 64, 'normalize': False, 'hybrid_weight': 0.8922795800047733, 'candidate_k': 45}. Best is trial 25 with 
value: 0.7166351232738053.
[I 2026-05-30 16:56:42,332] Trial 34 finished with value: 0.7038247854780951 and parameters: {'metric': 'l2', 
'svd_dim': 128, 'normalize': False, 'hybrid_weight': 0.7783367271589149, 'candidate_k': 30}. Best is trial 25 with 
value: 0.7166351232738053.
[I 2026-05-30 16:57:01,119] Trial 35 finished with value: 0.7109255073057982 and parameters: {'metric': 'l2', 
'svd_dim': None, 'normalize': False, 'hybrid_weight': 0.9575205733815532, 'candidate_k': 46}. Best is trial 25 with 
value: 0.7166351232738053.
[I 2026-05-30 16:57:16,487] Trial 36 finished with value: 0.6736200867225673 and parameters: {'metric': 'cosine', 
'svd_dim': 64, 'normalize': True, 'hybrid_weight': 0.6858283157505194, 'candidate_k': 32}. Best is trial 25 with 
value: 0.7166351232738053.
[I 2026-05-30 16:57:32,846] Trial 37 finished with value: 0.7002579511308078 and parameters: {'metric': 'l2', 
'svd_dim': 128, 'normalize': True, 'hybrid_weight': 0.8045535015429902, 'candidate_k': 49}. Best is trial 25 with 
value: 0.7166351232738053.
[I 2026-05-30 16:57:50,888] Trial 38 finished with value: 0.6949720269754756 and parameters: {'metric': 'l2', 
'svd_dim': None, 'normalize': False, 'hybrid_weight': 0.5816504681310237, 'candidate_k': 19}. Best is trial 25 with 
value: 0.7166351232738053.
