[I 2026-05-30 17:36:22,498] Trial 23 pruned. 
[I 2026-05-30 17:36:29,006] Trial 24 pruned. 
[I 2026-05-30 17:36:31,931] Trial 25 pruned. 
[I 2026-05-30 17:37:03,396] Trial 26 pruned. 
[I 2026-05-30 17:37:32,860] Trial 27 finished with value: 0.7104225368593776 and parameters: {'metric': 'dot', 
'svd_dim': None, 'normalize': False, 'hybrid_weight': 0.8667313225454455, 'candidate_k': 20}. Best is trial 6 with 
value: 0.7135888344702196.
[I 2026-05-30 17:38:01,775] Trial 28 pruned. 
[I 2026-05-30 17:38:09,214] Trial 29 pruned. 
[I 2026-05-30 17:38:38,812] Trial 30 pruned. 
[I 2026-05-30 17:39:15,614] Trial 31 finished with value: 0.7088171025365675 and parameters: {'metric': 'l2', 
'svd_dim': None, 'normalize': True, 'hybrid_weight': 0.822303047990581, 'candidate_k': 6}. Best is trial 6 with value: 
0.7135888344702196.
[I 2026-05-30 17:39:46,851] Trial 32 pruned. 
[I 2026-05-30 17:40:22,429] Trial 33 finished with value: 0.7097434300969911 and parameters: {'metric': 'l2', 
'svd_dim': None, 'normalize': False, 'hybrid_weight': 0.8542582895212559, 'candidate_k': 6}. Best is trial 6 with 
value: 0.7135888344702196.
[I 2026-05-30 17:40:29,979] Trial 34 pruned. 
[I 2026-05-30 17:40:36,546] Trial 35 pruned. 
[I 2026-05-30 17:40:44,235] Trial 36 pruned. 
[I 2026-05-30 17:41:16,618] Trial 37 pruned. 
[I 2026-05-30 17:41:48,590] Trial 38 finished with value: 0.6981892309679499 and parameters: {'metric': 'l2', 
'svd_dim': 128, 'normalize': True, 'hybrid_weight': 0.7731108818759262, 'candidate_k': 13}. Best is trial 6 with 
value: 0.7135888344702196.
[I 2026-05-30 17:42:24,158] Trial 39 finished with value: 0.709254960903345 and parameters: {'metric': 'l2', 
'svd_dim': None, 'normalize': True, 'hybrid_weight': 0.9929125643461598, 'candidate_k': 49}. Best is trial 6 with 
value: 0.7135888344702196.
[I 2026-05-30 17:42:27,114] Trial 40 pruned. 
[I 2026-05-30 17:42:33,633] Trial 41 pruned. 
[I 2026-05-30 17:43:02,612] Trial 42 pruned. 
[I 2026-05-30 17:43:09,968] Trial 43 pruned. 
[I 2026-05-30 17:43:39,528] Trial 44 pruned. 
[I 2026-05-30 17:44:09,175] Trial 45 pruned. 
[I 2026-05-30 17:44:38,811] Trial 46 pruned. 
[I 2026-05-30 17:45:07,897] Trial 47 finished with value: 0.7151851997927277 and parameters: {'metric': 'cosine', 
'svd_dim': None, 'normalize': False, 'hybrid_weight': 0.7835443636804524, 'candidate_k': 27}. Best is trial 47 with 
value: 0.7151851997927277.
[I 2026-05-30 17:45:37,498] Trial 48 finished with value: 0.7135083855029171 and parameters: {'metric': 'cosine', 
'svd_dim': None, 'normalize': True, 'hybrid_weight': 0.7394261595602138, 'candidate_k': 50}. Best is trial 47 with 
value: 0.7151851997927277.
[I 2026-05-30 17:46:06,054] Trial 49 finished with value: 0.7123053441823077 and parameters: {'metric': 'cosine', 
'svd_dim': None, 'normalize': True, 'hybrid_weight': 0.7745311134210541, 'candidate_k': 49}. Best is trial 47 with 
value: 0.7151851997927277.
[I 2026-05-30 17:46:08,866] Trial 50 pruned. 
[I 2026-05-30 17:46:38,849] Trial 51 finished with value: 0.710819898798563 and parameters: {'metric': 'cosine', 
'svd_dim': None, 'normalize': True, 'hybrid_weight': 0.9029825470752417, 'candidate_k': 42}. Best is trial 47 with 
value: 0.7151851997927277.
[I 2026-05-30 17:47:12,642] Trial 52 finished with value: 0.712332506118719 and parameters: {'metric': 'cosine', 
'svd_dim': None, 'normalize': False, 'hybrid_weight': 0.7684975777393677, 'candidate_k': 24}. Best is trial 47 with 
value: 0.7151851997927277.
[I 2026-05-30 17:47:45,550] Trial 53 finished with value: 0.6967842626512013 and parameters: {'metric': 'cosine', 
'svd_dim': None, 'normalize': False, 'hybrid_weight': 0.6661542274922965, 'candidate_k': 30}. Best is trial 47 with 
value: 0.7151851997927277.
[I 2026-05-30 17:48:17,230] Trial 54 finished with value: 0.7122274720812515 and parameters: {'metric': 'cosine', 
'svd_dim': None, 'normalize': False, 'hybrid_weight': 0.9556740090527491, 'candidate_k': 32}. Best is trial 47 with 
value: 0.7151851997927277.
[I 2026-05-30 17:48:24,385] Trial 55 pruned. 
[I 2026-05-30 17:48:30,878] Trial 56 pruned. 
[I 2026-05-30 17:48:37,686] Trial 57 pruned. 
[I 2026-05-30 17:49:09,330] Trial 58 finished with value: 0.7127993794223556 and parameters: {'metric': 'cosine', 
'svd_dim': None, 'normalize': False, 'hybrid_weight': 0.8051793892266067, 'candidate_k': 19}. Best is trial 47 with 
value: 0.7151851997927277.
[I 2026-05-30 17:49:40,559] Trial 59 pruned. 
[I 2026-05-30 17:50:10,763] Trial 60 pruned. 
[I 2026-05-30 17:50:17,483] Trial 61 pruned. 
[I 2026-05-30 17:50:48,153] Trial 62 pruned. 
[I 2026-05-30 17:51:18,398] Trial 63 finished with value: 0.7149112765361476 and parameters: {'metric': 'cosine', 
'svd_dim': None, 'normalize': False, 'hybrid_weight': 0.8205415619815136, 'candidate_k': 23}. Best is trial 47 with 
value: 0.7151851997927277.
[I 2026-05-30 17:51:49,575] Trial 64 finished with value: 0.7130884456040782 and parameters: {'metric': 'cosine', 
'svd_dim': None, 'normalize': False, 'hybrid_weight': 0.8055628578831515, 'candidate_k': 21}. Best is trial 47 with 
value: 0.7151851997927277.
[I 2026-05-30 17:51:56,339] Trial 65 pruned. 
[I 2026-05-30 17:51:59,373] Trial 66 pruned. 
[I 2026-05-30 17:52:35,412] Trial 67 finished with value: 0.7169574562837061 and parameters: {'metric': 'l2', 
'svd_dim': None, 'normalize': False, 'hybrid_weight': 0.825010554641318, 'candidate_k': 25}. Best is trial 67 with 
value: 0.7169574562837061.
[I 2026-05-30 17:52:42,408] Trial 68 pruned. 
[I 2026-05-30 17:53:13,136] Trial 69 pruned. 
[I 2026-05-30 17:53:19,641] Trial 70 pruned. 
[I 2026-05-30 17:53:54,480] Trial 71 pruned. 
[I 2026-05-30 17:54:23,888] Trial 72 finished with value: 0.7143440533479839 and parameters: {'metric': 'cosine', 
'svd_dim': None, 'normalize': False, 'hybrid_weight': 0.7477409202962272, 'candidate_k': 18}. Best is trial 67 with 
value: 0.7169574562837061.
[I 2026-05-30 17:54:26,475] Trial 73 pruned. 
[I 2026-05-30 17:54:29,397] Trial 74 pruned. 
[I 2026-05-30 17:54:32,034] Trial 75 pruned. 
[I 2026-05-30 17:54:38,309] Trial 76 pruned. 
[I 2026-05-30 17:55:07,569] Trial 77 pruned. 
[I 2026-05-30 17:55:10,544] Trial 78 pruned. 
[I 2026-05-30 17:55:14,788] Trial 79 pruned. 
[17:55:20] done bohb: tune=0.7170 holdout=0.5649 pruned=53/80 in 27.3 min

[17:55:20] total wall-clock: 105.9 min

Leaderboard (ranked by holdout NDCG@5):
method             tune  holdout   recall    p95ms  trials  pruned
------------------------------------------------------------------
grid             0.7165   0.5649   0.6489    106.6      48       0
bohb             0.7170   0.5649   0.6489    128.5      27      53
tpe_bayesian     0.7166   0.5646   0.6322    102.0      80       0
random           0.7141   0.5610   0.6267    105.1      80       0
hyperband        0.7141   0.5610   0.6267    102.3      18      62

Winner: grid (holdout NDCG@5 = 0.5649)

Artifacts:
  reports\sampler_comparison.csv
  reports\sampler_comparison.md
  studies/csai415-d1-*.db
